Arguments: 
  C:\Program Files\nodejs\node.exe C:\Users\Administrator\AppData\Roaming\npm\node_modules\yarn\bin\yarn.js add vuex@4.0.0-beta.4

PATH: 
  C:\Program Files (x86)\Common Files\Oracle\Java\javapath;C:\WINDOWS\system32;C:\WINDOWS;C:\WINDOWS\System32\Wbem;C:\WINDOWS\System32\WindowsPowerShell\v1.0\;C:\WINDOWS\System32\OpenSSH\;C:\Program Files\nodejs\;E:\git\Git\cmd;C:\Users\Administrator\AppData\Roaming\npm;C:\Users\Administrator\AppData\Local\Yarn\bin;C:\Users\Administrator\AppData\Local\Yarn\Data\global\node_modules\.bin;F:\mongoDB\bin;C:\Program Files\TortoiseGit\bin;C:\Program Files (x86)\Android\android-sdk\platform-tools;C:\Program Files (x86)\Android\android-sdk\tools;C:\Users\Administrator\AppData\Local\Microsoft\WindowsApps;F:\vscode\Microsoft VS Code\bin;C:\Users\Administrator\AppData\Roaming\npm;F:\fiddler;C:\Users\Administrator\AppData\Local\Yarn\bin;C:\Users\Administrator\AppData\Local\BypassRuntm;%USERPROFILE%\AppData\Local\Microsoft\WindowsApps;

Yarn version: 
  1.19.0

Node version: 
  12.11.1

Platform: 
  win32 x64

Trace: 
  Error: EPERM: operation not permitted, unlink 'E:\vue3demo\test\node_modules\esbuild\esbuild.exe'

npm manifest: 
  {
    "name": "test",
    "version": "0.0.0",
    "scripts": {
      "dev": "vite",
      "build": "vite build"
    },
    "dependencies": {
      "vue": "^3.0.0-rc.1"
    },
    "devDependencies": {
      "vite": "^1.0.0-rc.1",
      "@vue/compiler-sfc": "^3.0.0-rc.1"
    }
  }

yarn manifest: 
  No manifest

Lockfile: 
  No lockfile
